---- RUN START ----
---- RUN START ----
---- RUN START ----
---- RUN START ----
---- RUN START ----
OK dolar: 31 filas
OK uf: 31 filas
OK tpm: 31 filas
OK snapshot: 31 filas → data/daily_snapshot.csv
---- RUN END ----
---- RUN START ----
OK dolar: 31 filas
OK uf: 31 filas
OK tpm: 31 filas
OK snapshot: 31 filas → data/daily_snapshot.csv
---- RUN END ----
---- RUN START ----
OK dolar: 31 filas
OK uf: 31 filas
OK tpm: 31 filas
OK snapshot: 31 filas → data/daily_snapshot.csv
---- RUN END ----
---- RUN START ----
---- RUN START ----
WARN dolar: fetch falló (RuntimeError) usando histórico
OK dolar: 31 filas
WARN uf: fetch falló (RuntimeError) usando histórico
OK uf: 31 filas
OK tpm: 31 filas
---- RUN START ----
WARN dolar: fetch falló (RuntimeError) usando histórico
OK dolar: 31 filas
WARN uf: fetch falló (RuntimeError) usando histórico
OK uf: 31 filas
WARN tpm: fetch falló (RuntimeError) usando histórico
OK tpm: 31 filas
OK dxy: 5043 filas
OK snapshot: 31 filas → data/daily_snapshot.csv
---- RUN END ----
---- RUN START ----
OK dolar: 31 filas
OK uf: 31 filas
OK tpm: 31 filas
OK dxy: 5043 filas
OK snapshot: 31 filas → data/daily_snapshot.csv
---- RUN END ----
---- RUN START ----
OK dolar: 33 filas
OK uf: 33 filas
OK tpm: 33 filas
OK dxy: 5043 filas
OK snapshot: 33 filas → data/daily_snapshot.csv
---- RUN END ----
---- RUN START ----
OK dolar: 33 filas
OK uf: 33 filas
OK tpm: 33 filas
OK dxy: 5043 filas
OK snapshot: 33 filas → data/daily_snapshot.csv
---- RUN END ----
---- RUN START ----
OK dolar: 33 filas
OK uf: 33 filas
OK tpm: 33 filas
OK dxy: 5043 filas
OK snapshot: 33 filas → data/daily_snapshot.csv
---- RUN END ----
---- RUN START ----
OK dolar: 33 filas
OK uf: 33 filas
OK tpm: 33 filas
OK dxy: 5043 filas
OK snapshot: 33 filas → data/daily_snapshot.csv
---- RUN END ----
